<?xml version="1.0" encoding="UTF-8"?>
<!-- Generated by org.testng.reporters.JUnitXMLReporter -->
<testsuite ignored="0" hostname="DESKTOP-DJ4FDME" failures="0" tests="3" name="Default test" time="18.178" errors="0" timestamp="2025-02-27T20:27:04 IST">
  <testcase classname="org.wipro.auto.saucedemo.testcase.SignupScenario_DDF" name="tc02_validate_signup_valid_credential" time="1.876"/>
  <testcase classname="org.wipro.auto.saucedemo.testcase.SignupScenario_DDF" name="tc02_validate_signup_valid_credential" time="2.205"/>
  <testcase classname="org.wipro.auto.saucedemo.testcase.SignupScenario_DDF" name="tc02_validate_signup_valid_credential" time="2.439"/>
</testsuite> <!-- Default test -->
