<?xml version="1.0" encoding="UTF-8"?>
<testng-results ignored="0" total="1" passed="1" failed="0" skipped="0">
  <reporter-output>
  </reporter-output>
  <suite started-at="2025-03-01T20:33:29 IST" name="Default suite" finished-at="2025-03-01T20:33:37 IST" duration-ms="8415">
    <groups>
    </groups>
    <test started-at="2025-03-01T20:33:29 IST" name="Default test" finished-at="2025-03-01T20:33:37 IST" duration-ms="8415">
      <class name="org.wipro.auto.saucedemo.testcase.LoginScenario">
        <test-method is-config="true" signature="launchBrowser()[pri:0, instance:org.wipro.auto.saucedemo.testcase.LoginScenario@2cd76f31]" started-at="2025-03-01T20:33:29 IST" name="launchBrowser" finished-at="2025-03-01T20:33:36 IST" duration-ms="7256" status="PASS">
          <reporter-output>
          </reporter-output>
        </test-method> <!-- launchBrowser -->
        <test-method signature="tc01_validate_login_valid_credential()[pri:0, instance:org.wipro.auto.saucedemo.testcase.LoginScenario@2cd76f31]" started-at="2025-03-01T20:33:36 IST" name="tc01_validate_login_valid_credential" finished-at="2025-03-01T20:33:37 IST" duration-ms="1024" status="PASS">
          <reporter-output>
          </reporter-output>
        </test-method> <!-- tc01_validate_login_valid_credential -->
        <test-method is-config="true" signature="quitBrowser()[pri:0, instance:org.wipro.auto.saucedemo.testcase.LoginScenario@2cd76f31]" started-at="2025-03-01T20:33:37 IST" name="quitBrowser" finished-at="2025-03-01T20:33:37 IST" duration-ms="1" status="PASS">
          <reporter-output>
          </reporter-output>
        </test-method> <!-- quitBrowser -->
      </class> <!-- org.wipro.auto.saucedemo.testcase.LoginScenario -->
    </test> <!-- Default test -->
  </suite> <!-- Default suite -->
</testng-results>
