<?xml version="1.0" encoding="UTF-8"?>
<testng-results ignored="0" total="3" passed="3" failed="0" skipped="0">
  <reporter-output>
  </reporter-output>
  <suite started-at="2025-02-27T20:26:46 IST" name="Default suite" finished-at="2025-02-27T20:27:04 IST" duration-ms="18178">
    <groups>
    </groups>
    <test started-at="2025-02-27T20:26:46 IST" name="Default test" finished-at="2025-02-27T20:27:04 IST" duration-ms="18178">
      <class name="org.wipro.auto.saucedemo.testcase.SignupScenario_DDF">
        <test-method is-config="true" signature="launchBrowser()[pri:0, instance:org.wipro.auto.saucedemo.testcase.SignupScenario_DDF@2cd76f31]" started-at="2025-02-27T20:26:46 IST" name="launchBrowser" finished-at="2025-02-27T20:26:51 IST" duration-ms="4573" status="PASS">
          <reporter-output>
          </reporter-output>
        </test-method> <!-- launchBrowser -->
        <test-method signature="tc02_validate_signup_valid_credential(java.lang.String,java.lang.String)[pri:0, instance:org.wipro.auto.saucedemo.testcase.SignupScenario_DDF@2cd76f31]" started-at="2025-02-27T20:26:51 IST" name="tc02_validate_signup_valid_credential" data-provider="signup" finished-at="2025-02-27T20:26:53 IST" duration-ms="1876" status="PASS">
          <params>
            <param index="0">
              <value>
                <![CDATA[fname1]]>
              </value>
            </param>
            <param index="1">
              <value>
                <![CDATA[lname1]]>
              </value>
            </param>
          </params>
          <reporter-output>
          </reporter-output>
        </test-method> <!-- tc02_validate_signup_valid_credential -->
        <test-method is-config="true" signature="quitBrowser()[pri:0, instance:org.wipro.auto.saucedemo.testcase.SignupScenario_DDF@2cd76f31]" started-at="2025-02-27T20:26:53 IST" name="quitBrowser" finished-at="2025-02-27T20:26:53 IST" duration-ms="1" status="PASS">
          <reporter-output>
          </reporter-output>
        </test-method> <!-- quitBrowser -->
        <test-method is-config="true" signature="launchBrowser()[pri:0, instance:org.wipro.auto.saucedemo.testcase.SignupScenario_DDF@2cd76f31]" started-at="2025-02-27T20:26:53 IST" name="launchBrowser" finished-at="2025-02-27T20:26:56 IST" duration-ms="3312" status="PASS">
          <reporter-output>
          </reporter-output>
        </test-method> <!-- launchBrowser -->
        <test-method signature="tc02_validate_signup_valid_credential(java.lang.String,java.lang.String)[pri:0, instance:org.wipro.auto.saucedemo.testcase.SignupScenario_DDF@2cd76f31]" started-at="2025-02-27T20:26:56 IST" name="tc02_validate_signup_valid_credential" data-provider="signup" finished-at="2025-02-27T20:26:58 IST" duration-ms="2205" status="PASS">
          <params>
            <param index="0">
              <value>
                <![CDATA[fname2]]>
              </value>
            </param>
            <param index="1">
              <value>
                <![CDATA[lname2]]>
              </value>
            </param>
          </params>
          <reporter-output>
          </reporter-output>
        </test-method> <!-- tc02_validate_signup_valid_credential -->
        <test-method is-config="true" signature="quitBrowser()[pri:0, instance:org.wipro.auto.saucedemo.testcase.SignupScenario_DDF@2cd76f31]" started-at="2025-02-27T20:26:58 IST" name="quitBrowser" finished-at="2025-02-27T20:26:58 IST" duration-ms="1" status="PASS">
          <reporter-output>
          </reporter-output>
        </test-method> <!-- quitBrowser -->
        <test-method is-config="true" signature="launchBrowser()[pri:0, instance:org.wipro.auto.saucedemo.testcase.SignupScenario_DDF@2cd76f31]" started-at="2025-02-27T20:26:58 IST" name="launchBrowser" finished-at="2025-02-27T20:27:02 IST" duration-ms="3657" status="PASS">
          <reporter-output>
          </reporter-output>
        </test-method> <!-- launchBrowser -->
        <test-method signature="tc02_validate_signup_valid_credential(java.lang.String,java.lang.String)[pri:0, instance:org.wipro.auto.saucedemo.testcase.SignupScenario_DDF@2cd76f31]" started-at="2025-02-27T20:27:02 IST" name="tc02_validate_signup_valid_credential" data-provider="signup" finished-at="2025-02-27T20:27:04 IST" duration-ms="2439" status="PASS">
          <params>
            <param index="0">
              <value>
                <![CDATA[fname3]]>
              </value>
            </param>
            <param index="1">
              <value>
                <![CDATA[lname3]]>
              </value>
            </param>
          </params>
          <reporter-output>
          </reporter-output>
        </test-method> <!-- tc02_validate_signup_valid_credential -->
        <test-method is-config="true" signature="quitBrowser()[pri:0, instance:org.wipro.auto.saucedemo.testcase.SignupScenario_DDF@2cd76f31]" started-at="2025-02-27T20:27:04 IST" name="quitBrowser" finished-at="2025-02-27T20:27:04 IST" duration-ms="1" status="PASS">
          <reporter-output>
          </reporter-output>
        </test-method> <!-- quitBrowser -->
      </class> <!-- org.wipro.auto.saucedemo.testcase.SignupScenario_DDF -->
    </test> <!-- Default test -->
  </suite> <!-- Default suite -->
</testng-results>
